lsu valid:0 wfid:00 pc:00000000 op:00000000 dest:000 src1:000 src2:000 src3:000 src4:000 imm0:0000 imm1:00000000
alu valid:0 wfid:00 pc:00000000 op:00000000 dest1:000 dest2:000 src1:000 src2:000 src3:000 imm0:0000 imm1:00000000
finished_wf valid:0 wfid:00
retired_barrier valid:0 wfid:zz

lsu valid:0 wfid:00 pc:00000000 op:00000000 dest:000 src1:000 src2:000 src3:000 src4:000 imm0:0000 imm1:00000000
alu valid:0 wfid:00 pc:00000000 op:00000000 dest1:000 dest2:000 src1:000 src2:000 src3:000 imm0:0000 imm1:00000000
finished_wf valid:0 wfid:00
retired_barrier valid:0 wfid:zz

lsu valid:0 wfid:xx pc:00000000 op:00000000 dest:000 src1:000 src2:000 src3:000 src4:000 imm0:0000 imm1:00000000
alu valid:0 wfid:xx pc:00000000 op:00000000 dest1:000 dest2:000 src1:000 src2:000 src3:000 imm0:0000 imm1:00000000
finished_wf valid:0 wfid:00
retired_barrier valid:0 wfid:zz

lsu valid:0 wfid:xx pc:00000000 op:00000000 dest:000 src1:000 src2:000 src3:000 src4:000 imm0:0000 imm1:00000000
alu valid:0 wfid:xx pc:00000000 op:00000000 dest1:000 dest2:000 src1:000 src2:000 src3:000 imm0:0000 imm1:00000000
finished_wf valid:0 wfid:00
retired_barrier valid:0 wfid:zz

lsu valid:0 wfid:xx pc:00000000 op:00000000 dest:000 src1:000 src2:000 src3:000 src4:000 imm0:0000 imm1:00000000
alu valid:0 wfid:xx pc:00000000 op:00000000 dest1:000 dest2:000 src1:000 src2:000 src3:000 imm0:0000 imm1:00000000
finished_wf valid:0 wfid:00
retired_barrier valid:0 wfid:zz

lsu valid:0 wfid:xx pc:00000000 op:00000000 dest:000 src1:000 src2:000 src3:000 src4:000 imm0:0000 imm1:00000000
alu valid:x wfid:xx pc:00000000 op:00000000 dest1:000 dest2:000 src1:000 src2:000 src3:000 imm0:0000 imm1:00000000
finished_wf valid:0 wfid:00
retired_barrier valid:0 wfid:zz

lsu valid:0 wfid:xx pc:00000000 op:00000000 dest:000 src1:000 src2:000 src3:000 src4:000 imm0:0000 imm1:00000000
alu valid:x wfid:xx pc:00000000 op:00000000 dest1:000 dest2:000 src1:000 src2:000 src3:000 imm0:0000 imm1:00000000
finished_wf valid:0 wfid:00
retired_barrier valid:0 wfid:zz

lsu valid:0 wfid:xx pc:00000000 op:00000000 dest:000 src1:000 src2:000 src3:000 src4:000 imm0:0000 imm1:00000000
alu valid:x wfid:xx pc:00000000 op:00000000 dest1:000 dest2:000 src1:000 src2:000 src3:000 imm0:0000 imm1:00000000
finished_wf valid:0 wfid:00
retired_barrier valid:0 wfid:zz

lsu valid:0 wfid:xx pc:00000000 op:00000000 dest:000 src1:000 src2:000 src3:000 src4:000 imm0:0000 imm1:00000000
alu valid:x wfid:xx pc:00000000 op:00000000 dest1:000 dest2:000 src1:000 src2:000 src3:000 imm0:0000 imm1:00000000
finished_wf valid:0 wfid:00
retired_barrier valid:1 wfid:zz

lsu valid:0 wfid:xx pc:00000000 op:00000000 dest:000 src1:000 src2:000 src3:000 src4:000 imm0:0000 imm1:00000000
alu valid:x wfid:xx pc:00000000 op:00000000 dest1:000 dest2:000 src1:000 src2:000 src3:000 imm0:0000 imm1:00000000
finished_wf valid:0 wfid:00
retired_barrier valid:0 wfid:zz

lsu valid:0 wfid:xx pc:00000000 op:00000000 dest:000 src1:000 src2:000 src3:000 src4:000 imm0:0000 imm1:00000000
alu valid:x wfid:xx pc:00000000 op:00000000 dest1:000 dest2:000 src1:000 src2:000 src3:000 imm0:0000 imm1:00000000
finished_wf valid:0 wfid:00
retired_barrier valid:0 wfid:zz

lsu valid:0 wfid:xx pc:00000000 op:00000000 dest:000 src1:000 src2:000 src3:000 src4:000 imm0:0000 imm1:00000000
alu valid:x wfid:xx pc:00000000 op:00000000 dest1:000 dest2:000 src1:000 src2:000 src3:000 imm0:0000 imm1:00000000
finished_wf valid:0 wfid:00
retired_barrier valid:0 wfid:zz

lsu valid:0 wfid:xx pc:00000000 op:00000000 dest:000 src1:000 src2:000 src3:000 src4:000 imm0:0000 imm1:00000000
alu valid:x wfid:xx pc:00000000 op:00000000 dest1:000 dest2:000 src1:000 src2:000 src3:000 imm0:0000 imm1:00000000
finished_wf valid:0 wfid:00
retired_barrier valid:0 wfid:zz

lsu valid:0 wfid:xx pc:00000000 op:00000000 dest:000 src1:000 src2:000 src3:000 src4:000 imm0:0000 imm1:00000000
alu valid:x wfid:xx pc:00000000 op:00000000 dest1:000 dest2:000 src1:000 src2:000 src3:000 imm0:0000 imm1:00000000
finished_wf valid:0 wfid:00
retired_barrier valid:0 wfid:zz

lsu valid:0 wfid:xx pc:00000000 op:00000000 dest:000 src1:000 src2:000 src3:000 src4:000 imm0:0000 imm1:00000000
alu valid:x wfid:xx pc:00000000 op:00000000 dest1:000 dest2:000 src1:000 src2:000 src3:000 imm0:0000 imm1:00000000
finished_wf valid:0 wfid:00
retired_barrier valid:0 wfid:zz

lsu valid:0 wfid:xx pc:00000000 op:00000000 dest:000 src1:000 src2:000 src3:000 src4:000 imm0:0000 imm1:00000000
alu valid:x wfid:xx pc:00000000 op:00000000 dest1:000 dest2:000 src1:000 src2:000 src3:000 imm0:0000 imm1:00000000
finished_wf valid:0 wfid:00
retired_barrier valid:0 wfid:zz

lsu valid:0 wfid:xx pc:00000000 op:00000000 dest:000 src1:000 src2:000 src3:000 src4:000 imm0:0000 imm1:00000000
alu valid:x wfid:xx pc:00000000 op:00000000 dest1:000 dest2:000 src1:000 src2:000 src3:000 imm0:0000 imm1:00000000
finished_wf valid:0 wfid:00
retired_barrier valid:0 wfid:zz

lsu valid:0 wfid:xx pc:00000000 op:00000000 dest:000 src1:000 src2:000 src3:000 src4:000 imm0:0000 imm1:00000000
alu valid:x wfid:xx pc:00000000 op:00000000 dest1:000 dest2:000 src1:000 src2:000 src3:000 imm0:0000 imm1:00000000
finished_wf valid:0 wfid:00
retired_barrier valid:0 wfid:zz

lsu valid:0 wfid:xx pc:00000000 op:00000000 dest:000 src1:000 src2:000 src3:000 src4:000 imm0:0000 imm1:00000000
alu valid:x wfid:xx pc:00000000 op:00000000 dest1:000 dest2:000 src1:000 src2:000 src3:000 imm0:0000 imm1:00000000
finished_wf valid:0 wfid:00
retired_barrier valid:0 wfid:zz

lsu valid:0 wfid:xx pc:00000000 op:00000000 dest:000 src1:000 src2:000 src3:000 src4:000 imm0:0000 imm1:00000000
alu valid:x wfid:xx pc:00000000 op:00000000 dest1:000 dest2:000 src1:000 src2:000 src3:000 imm0:0000 imm1:00000000
finished_wf valid:0 wfid:00
retired_barrier valid:0 wfid:zz

lsu valid:0 wfid:xx pc:00000000 op:00000000 dest:000 src1:000 src2:000 src3:000 src4:000 imm0:0000 imm1:00000000
alu valid:x wfid:xx pc:00000000 op:00000000 dest1:000 dest2:000 src1:000 src2:000 src3:000 imm0:0000 imm1:00000000
finished_wf valid:0 wfid:00
retired_barrier valid:0 wfid:zz

lsu valid:0 wfid:xx pc:00000000 op:00000000 dest:000 src1:000 src2:000 src3:000 src4:000 imm0:0000 imm1:00000000
alu valid:x wfid:xx pc:00000000 op:00000000 dest1:000 dest2:000 src1:000 src2:000 src3:000 imm0:0000 imm1:00000000
finished_wf valid:0 wfid:00
retired_barrier valid:0 wfid:zz

lsu valid:0 wfid:xx pc:00000000 op:00000000 dest:000 src1:000 src2:000 src3:000 src4:000 imm0:0000 imm1:00000000
alu valid:x wfid:xx pc:00000000 op:00000000 dest1:000 dest2:000 src1:000 src2:000 src3:000 imm0:0000 imm1:00000000
finished_wf valid:0 wfid:00
retired_barrier valid:0 wfid:zz

lsu valid:0 wfid:xx pc:00000000 op:00000000 dest:000 src1:000 src2:000 src3:000 src4:000 imm0:0000 imm1:00000000
alu valid:x wfid:xx pc:00000000 op:00000000 dest1:000 dest2:000 src1:000 src2:000 src3:000 imm0:0000 imm1:00000000
finished_wf valid:0 wfid:00
retired_barrier valid:0 wfid:zz

lsu valid:0 wfid:xx pc:00000000 op:00000000 dest:000 src1:000 src2:000 src3:000 src4:000 imm0:0000 imm1:00000000
alu valid:x wfid:xx pc:00000000 op:00000000 dest1:000 dest2:000 src1:000 src2:000 src3:000 imm0:0000 imm1:00000000
finished_wf valid:0 wfid:00
retired_barrier valid:0 wfid:zz

lsu valid:0 wfid:xx pc:00000000 op:00000000 dest:000 src1:000 src2:000 src3:000 src4:000 imm0:0000 imm1:00000000
alu valid:x wfid:xx pc:00000000 op:00000000 dest1:000 dest2:000 src1:000 src2:000 src3:000 imm0:0000 imm1:00000000
finished_wf valid:0 wfid:00
retired_barrier valid:0 wfid:zz

lsu valid:0 wfid:xx pc:00000000 op:00000000 dest:000 src1:000 src2:000 src3:000 src4:000 imm0:0000 imm1:00000000
alu valid:x wfid:xx pc:00000000 op:00000000 dest1:000 dest2:000 src1:000 src2:000 src3:000 imm0:0000 imm1:00000000
finished_wf valid:0 wfid:00
retired_barrier valid:0 wfid:zz

lsu valid:0 wfid:xx pc:00000000 op:00000000 dest:000 src1:000 src2:000 src3:000 src4:000 imm0:0000 imm1:00000000
alu valid:x wfid:xx pc:00000000 op:00000000 dest1:000 dest2:000 src1:000 src2:000 src3:000 imm0:0000 imm1:00000000
finished_wf valid:0 wfid:00
retired_barrier valid:0 wfid:zz

lsu valid:0 wfid:xx pc:00000000 op:00000000 dest:000 src1:000 src2:000 src3:000 src4:000 imm0:0000 imm1:00000000
alu valid:x wfid:xx pc:00000000 op:00000000 dest1:000 dest2:000 src1:000 src2:000 src3:000 imm0:0000 imm1:00000000
finished_wf valid:0 wfid:00
retired_barrier valid:0 wfid:zz

lsu valid:0 wfid:xx pc:00000000 op:00000000 dest:000 src1:000 src2:000 src3:000 src4:000 imm0:0000 imm1:00000000
alu valid:x wfid:xx pc:00000000 op:00000000 dest1:000 dest2:000 src1:000 src2:000 src3:000 imm0:0000 imm1:00000000
finished_wf valid:0 wfid:00
retired_barrier valid:0 wfid:zz

lsu valid:0 wfid:xx pc:00000000 op:00000000 dest:000 src1:000 src2:000 src3:000 src4:000 imm0:0000 imm1:00000000
alu valid:x wfid:xx pc:00000000 op:00000000 dest1:000 dest2:000 src1:000 src2:000 src3:000 imm0:0000 imm1:00000000
finished_wf valid:0 wfid:00
retired_barrier valid:0 wfid:zz

lsu valid:0 wfid:xx pc:00000000 op:00000000 dest:000 src1:000 src2:000 src3:000 src4:000 imm0:0000 imm1:00000000
alu valid:x wfid:xx pc:00000000 op:00000000 dest1:000 dest2:000 src1:000 src2:000 src3:000 imm0:0000 imm1:00000000
finished_wf valid:0 wfid:00
retired_barrier valid:0 wfid:zz

